# JRE version: OpenJDK Runtime Environment (8.0_112-b06) (build 1.8.0_112-release-b06)
# Java VM: OpenJDK 64-Bit Server VM (25.112-b06 mixed mode linux-amd64 compressed oops)
Heap:
 PSYoungGen      total 278016K, used 220580K [0x00000000e0000000, 0x00000000f3500000, 0x0000000100000000)
  eden space 242688K, 80% used [0x00000000e0000000,0x00000000ebe9e428,0x00000000eed00000)
  from space 35328K, 71% used [0x00000000f1100000,0x00000000f29cae70,0x00000000f3380000)
  to   space 36864K, 0% used [0x00000000eed00000,0x00000000eed00000,0x00000000f1100000)
 ParOldGen       total 148992K, used 44940K [0x00000000a0000000, 0x00000000a9180000, 0x00000000e0000000)
  object space 148992K, 30% used [0x00000000a0000000,0x00000000a2be3038,0x00000000a9180000)
 Metaspace       used 80078K, capacity 84420K, committed 84608K, reserved 1122304K
  class space    used 10405K, capacity 11276K, committed 11392K, reserved 1048576K
GC Heap History (10 events):
Event: 31.542 GC heap before
{Heap before GC invocations=21 (full 3):
 PSYoungGen      total 160256K, used 135670K [0x00000000e0000000, 0x00000000edc80000, 0x0000000100000000)
  eden space 131072K, 100% used [0x00000000e0000000,0x00000000e8000000,0x00000000e8000000)
  from space 29184K, 15% used [0x00000000e8000000,0x00000000e847d8d0,0x00000000e9c80000)
  to   space 28672K, 0% used [0x00000000ec080000,0x00000000ec080000,0x00000000edc80000)
 ParOldGen       total 148992K, used 42836K [0x00000000a0000000, 0x00000000a9180000, 0x00000000e0000000)
  object space 148992K, 28% used [0x00000000a0000000,0x00000000a29d53a8,0x00000000a9180000)
 Metaspace       used 61058K, capacity 63474K, committed 63744K, reserved 1103872K
  class space    used 8138K, capacity 8658K, committed 8704K, reserved 1048576K
Event: 31.561 GC heap after
Heap after GC invocations=21 (full 3):
 PSYoungGen      total 187904K, used 12615K [0x00000000e0000000, 0x00000000ed680000, 0x0000000100000000)
  eden space 165376K, 0% used [0x00000000e0000000,0x00000000e0000000,0x00000000ea180000)
  from space 22528K, 55% used [0x00000000ec080000,0x00000000eccd1c90,0x00000000ed680000)
  to   space 27136K, 0% used [0x00000000ea180000,0x00000000ea180000,0x00000000ebc00000)
 ParOldGen       total 148992K, used 42836K [0x00000000a0000000, 0x00000000a9180000, 0x00000000e0000000)
  object space 148992K, 28% used [0x00000000a0000000,0x00000000a29d53a8,0x00000000a9180000)
 Metaspace       used 61058K, capacity 63474K, committed 63744K, reserved 1103872K
  class space    used 8138K, capacity 8658K, committed 8704K, reserved 1048576K
}
Event: 744.150 GC heap before
{Heap before GC invocations=22 (full 3):
 PSYoungGen      total 187904K, used 177991K [0x00000000e0000000, 0x00000000ed680000, 0x0000000100000000)
  eden space 165376K, 100% used [0x00000000e0000000,0x00000000ea180000,0x00000000ea180000)
  from space 22528K, 55% used [0x00000000ec080000,0x00000000eccd1c90,0x00000000ed680000)
  to   space 27136K, 0% used [0x00000000ea180000,0x00000000ea180000,0x00000000ebc00000)
 ParOldGen       total 148992K, used 42836K [0x00000000a0000000, 0x00000000a9180000, 0x00000000e0000000)
  object space 148992K, 28% used [0x00000000a0000000,0x00000000a29d53a8,0x00000000a9180000)
 Metaspace       used 62515K, capacity 65070K, committed 65280K, reserved 1105920K
  class space    used 8316K, capacity 8858K, committed 8960K, reserved 1048576K
Event: 744.166 GC heap after
Heap after GC invocations=22 (full 3):
 PSYoungGen      total 192512K, used 23744K [0x00000000e0000000, 0x00000000f0200000, 0x0000000100000000)
  eden space 165376K, 0% used [0x00000000e0000000,0x00000000e0000000,0x00000000ea180000)
  from space 27136K, 87% used [0x00000000ea180000,0x00000000eb8b0160,0x00000000ebc00000)
  to   space 30208K, 0% used [0x00000000ee480000,0x00000000ee480000,0x00000000f0200000)
 ParOldGen       total 148992K, used 42844K [0x00000000a0000000, 0x00000000a9180000, 0x00000000e0000000)
  object space 148992K, 28% used [0x00000000a0000000,0x00000000a29d73a8,0x00000000a9180000)
 Metaspace       used 62515K, capacity 65070K, committed 65280K, reserved 1105920K
  class space    used 8316K, capacity 8858K, committed 8960K, reserved 1048576K
}
Event: 746.600 GC heap before
{Heap before GC invocations=23 (full 3):
 PSYoungGen      total 192512K, used 189059K [0x00000000e0000000, 0x00000000f0200000, 0x0000000100000000)
  eden space 165376K, 99% used [0x00000000e0000000,0x00000000ea170dd8,0x00000000ea180000)
  from space 27136K, 87% used [0x00000000ea180000,0x00000000eb8b0160,0x00000000ebc00000)
  to   space 30208K, 0% used [0x00000000ee480000,0x00000000ee480000,0x00000000f0200000)
 ParOldGen       total 148992K, used 42844K [0x00000000a0000000, 0x00000000a9180000, 0x00000000e0000000)
  object space 148992K, 28% used [0x00000000a0000000,0x00000000a29d73a8,0x00000000a9180000)
 Metaspace       used 71023K, capacity 73968K, committed 74112K, reserved 1114112K
  class space    used 9388K, capacity 10025K, committed 10112K, reserved 1048576K
Event: 746.619 GC heap after
Heap after GC invocations=23 (full 3):
 PSYoungGen      total 230912K, used 19776K [0x00000000e0000000, 0x00000000f0180000, 0x0000000100000000)
  eden space 201216K, 0% used [0x00000000e0000000,0x00000000e0000000,0x00000000ec480000)
  from space 29696K, 66% used [0x00000000ee480000,0x00000000ef7d01c8,0x00000000f0180000)
  to   space 31232K, 0% used [0x00000000ec480000,0x00000000ec480000,0x00000000ee300000)
 ParOldGen       total 148992K, used 42871K [0x00000000a0000000, 0x00000000a9180000, 0x00000000e0000000)
  object space 148992K, 28% used [0x00000000a0000000,0x00000000a29ddff8,0x00000000a9180000)
 Metaspace       used 71023K, capacity 73968K, committed 74112K, reserved 1114112K
  class space    used 9388K, capacity 10025K, committed 10112K, reserved 1048576K
}
Event: 751.366 GC heap before
{Heap before GC invocations=24 (full 3):
 PSYoungGen      total 230912K, used 220992K [0x00000000e0000000, 0x00000000f0180000, 0x0000000100000000)
  eden space 201216K, 100% used [0x00000000e0000000,0x00000000ec480000,0x00000000ec480000)
  from space 29696K, 66% used [0x00000000ee480000,0x00000000ef7d01c8,0x00000000f0180000)
  to   space 31232K, 0% used [0x00000000ec480000,0x00000000ec480000,0x00000000ee300000)
 ParOldGen       total 148992K, used 42871K [0x00000000a0000000, 0x00000000a9180000, 0x00000000e0000000)
  object space 148992K, 28% used [0x00000000a0000000,0x00000000a29ddff8,0x00000000a9180000)
 Metaspace       used 77348K, capacity 81334K, committed 81408K, reserved 1120256K
  class space    used 10139K, capacity 10989K, committed 11008K, reserved 1048576K
Event: 751.471 GC heap after
Heap after GC invocations=24 (full 3):
 PSYoungGen      total 232448K, used 29634K [0x00000000e0000000, 0x00000000f3380000, 0x0000000100000000)
  eden space 201216K, 0% used [0x00000000e0000000,0x00000000e0000000,0x00000000ec480000)
  from space 31232K, 94% used [0x00000000ec480000,0x00000000ee170a40,0x00000000ee300000)
  to   space 35328K, 0% used [0x00000000f1100000,0x00000000f1100000,0x00000000f3380000)
 ParOldGen       total 148992K, used 42879K [0x00000000a0000000, 0x00000000a9180000, 0x00000000e0000000)
  object space 148992K, 28% used [0x00000000a0000000,0x00000000a29dfff8,0x00000000a9180000)
 Metaspace       used 77348K, capacity 81334K, committed 81408K, reserved 1120256K
  class space    used 10139K, capacity 10989K, committed 11008K, reserved 1048576K
}
Event: 753.998 GC heap before
{Heap before GC invocations=25 (full 3):
 PSYoungGen      total 232448K, used 230850K [0x00000000e0000000, 0x00000000f3380000, 0x0000000100000000)
  eden space 201216K, 100% used [0x00000000e0000000,0x00000000ec480000,0x00000000ec480000)
  from space 31232K, 94% used [0x00000000ec480000,0x00000000ee170a40,0x00000000ee300000)
  to   space 35328K, 0% used [0x00000000f1100000,0x00000000f1100000,0x00000000f3380000)
 ParOldGen       total 148992K, used 42879K [0x00000000a0000000, 0x00000000a9180000, 0x00000000e0000000)
  object space 148992K, 28% used [0x00000000a0000000,0x00000000a29dfff8,0x00000000a9180000)
 Metaspace       used 78996K, capacity 82934K, committed 83200K, reserved 1122304K
  class space    used 10302K, capacity 11155K, committed 11264K, reserved 1048576K
Event: 754.033 GC heap after
Heap after GC invocations=25 (full 3):
 PSYoungGen      total 278016K, used 25387K [0x00000000e0000000, 0x00000000f3500000, 0x0000000100000000)
  eden space 242688K, 0% used [0x00000000e0000000,0x00000000e0000000,0x00000000eed00000)
  from space 35328K, 71% used [0x00000000f1100000,0x00000000f29cae70,0x00000000f3380000)
  to   space 36864K, 0% used [0x00000000eed00000,0x00000000eed00000,0x00000000f1100000)
 ParOldGen       total 148992K, used 44940K [0x00000000a0000000, 0x00000000a9180000, 0x00000000e0000000)
  object space 148992K, 30% used [0x00000000a0000000,0x00000000a2be3038,0x00000000a9180000)
 Metaspace       used 78996K, capacity 82934K, committed 83200K, reserved 1122304K
  class space    used 10302K, capacity 11155K, committed 11264K, reserved 1048576K
}

