# JRE version: OpenJDK Runtime Environment (8.0_112-b06) (build 1.8.0_112-release-b06)
# Java VM: OpenJDK 64-Bit Server VM (25.112-b06 mixed mode linux-amd64 compressed oops)
Heap:
 PSYoungGen      total 364032K, used 296829K [0x00000000e0000000, 0x00000000f9400000, 0x0000000100000000)
  eden space 346112K, 82% used [0x00000000e0000000,0x00000000f16fb0b0,0x00000000f5200000)
  from space 17920K, 62% used [0x00000000f8280000,0x00000000f8d643c8,0x00000000f9400000)
  to   space 33792K, 0% used [0x00000000f5200000,0x00000000f5200000,0x00000000f7300000)
 ParOldGen       total 139776K, used 38358K [0x00000000a0000000, 0x00000000a8880000, 0x00000000e0000000)
  object space 139776K, 27% used [0x00000000a0000000,0x00000000a25759e8,0x00000000a8880000)
 Metaspace       used 72416K, capacity 77724K, committed 78000K, reserved 1118208K
  class space    used 9059K, capacity 9810K, committed 9904K, reserved 1048576K
GC Heap History (10 events):
Event: 1874.215 GC heap before
{Heap before GC invocations=21 (full 3):
 PSYoungGen      total 438272K, used 437830K [0x00000000e0000000, 0x00000000fea80000, 0x0000000100000000)
  eden space 424448K, 99% used [0x00000000e0000000,0x00000000f9e39810,0x00000000f9e80000)
  from space 13824K, 98% used [0x00000000fb000000,0x00000000fbd58150,0x00000000fbd80000)
  to   space 38912K, 0% used [0x00000000fc480000,0x00000000fc480000,0x00000000fea80000)
 ParOldGen       total 139776K, used 38326K [0x00000000a0000000, 0x00000000a8880000, 0x00000000e0000000)
  object space 139776K, 27% used [0x00000000a0000000,0x00000000a256d9e8,0x00000000a8880000)
 Metaspace       used 70164K, capacity 73734K, committed 73904K, reserved 1114112K
  class space    used 8785K, capacity 9339K, committed 9392K, reserved 1048576K
Event: 1874.240 GC heap after
Heap after GC invocations=21 (full 3):
 PSYoungGen      total 426496K, used 12187K [0x00000000e0000000, 0x00000000fd780000, 0x0000000100000000)
  eden space 407040K, 0% used [0x00000000e0000000,0x00000000e0000000,0x00000000f8d80000)
  from space 19456K, 62% used [0x00000000fc480000,0x00000000fd066cc8,0x00000000fd780000)
  to   space 37888K, 0% used [0x00000000f8d80000,0x00000000f8d80000,0x00000000fb280000)
 ParOldGen       total 139776K, used 38334K [0x00000000a0000000, 0x00000000a8880000, 0x00000000e0000000)
  object space 139776K, 27% used [0x00000000a0000000,0x00000000a256f9e8,0x00000000a8880000)
 Metaspace       used 70164K, capacity 73734K, committed 73904K, reserved 1114112K
  class space    used 8785K, capacity 9339K, committed 9392K, reserved 1048576K
}
Event: 2108.757 GC heap before
{Heap before GC invocations=22 (full 3):
 PSYoungGen      total 426496K, used 419227K [0x00000000e0000000, 0x00000000fd780000, 0x0000000100000000)
  eden space 407040K, 100% used [0x00000000e0000000,0x00000000f8d80000,0x00000000f8d80000)
  from space 19456K, 62% used [0x00000000fc480000,0x00000000fd066cc8,0x00000000fd780000)
  to   space 37888K, 0% used [0x00000000f8d80000,0x00000000f8d80000,0x00000000fb280000)
 ParOldGen       total 139776K, used 38334K [0x00000000a0000000, 0x00000000a8880000, 0x00000000e0000000)
  object space 139776K, 27% used [0x00000000a0000000,0x00000000a256f9e8,0x00000000a8880000)
 Metaspace       used 70640K, capacity 74466K, committed 74672K, reserved 1114112K
  class space    used 8817K, capacity 9383K, committed 9392K, reserved 1048576K
Event: 2108.767 GC heap after
Heap after GC invocations=22 (full 3):
 PSYoungGen      total 397824K, used 6704K [0x00000000e0000000, 0x00000000fc680000, 0x0000000100000000)
  eden space 390656K, 0% used [0x00000000e0000000,0x00000000e0000000,0x00000000f7d80000)
  from space 7168K, 93% used [0x00000000f8d80000,0x00000000f940c020,0x00000000f9480000)
  to   space 37376K, 0% used [0x00000000fa200000,0x00000000fa200000,0x00000000fc680000)
 ParOldGen       total 139776K, used 38342K [0x00000000a0000000, 0x00000000a8880000, 0x00000000e0000000)
  object space 139776K, 27% used [0x00000000a0000000,0x00000000a25719e8,0x00000000a8880000)
 Metaspace       used 70640K, capacity 74466K, committed 74672K, reserved 1114112K
  class space    used 8817K, capacity 9383K, committed 9392K, reserved 1048576K
}
Event: 2109.881 GC heap before
{Heap before GC invocations=23 (full 3):
 PSYoungGen      total 397824K, used 397360K [0x00000000e0000000, 0x00000000fc680000, 0x0000000100000000)
  eden space 390656K, 100% used [0x00000000e0000000,0x00000000f7d80000,0x00000000f7d80000)
  from space 7168K, 93% used [0x00000000f8d80000,0x00000000f940c020,0x00000000f9480000)
  to   space 37376K, 0% used [0x00000000fa200000,0x00000000fa200000,0x00000000fc680000)
 ParOldGen       total 139776K, used 38342K [0x00000000a0000000, 0x00000000a8880000, 0x00000000e0000000)
  object space 139776K, 27% used [0x00000000a0000000,0x00000000a25719e8,0x00000000a8880000)
 Metaspace       used 70872K, capacity 74686K, committed 74800K, reserved 1114112K
  class space    used 8837K, capacity 9429K, committed 9520K, reserved 1048576K
Event: 2109.892 GC heap after
Heap after GC invocations=23 (full 3):
 PSYoungGen      total 395264K, used 8914K [0x00000000e0000000, 0x00000000fb580000, 0x0000000100000000)
  eden space 375296K, 0% used [0x00000000e0000000,0x00000000e0000000,0x00000000f6e80000)
  from space 19968K, 44% used [0x00000000fa200000,0x00000000faab49d8,0x00000000fb580000)
  to   space 36352K, 0% used [0x00000000f6e80000,0x00000000f6e80000,0x00000000f9200000)
 ParOldGen       total 139776K, used 38350K [0x00000000a0000000, 0x00000000a8880000, 0x00000000e0000000)
  object space 139776K, 27% used [0x00000000a0000000,0x00000000a25739e8,0x00000000a8880000)
 Metaspace       used 70872K, capacity 74686K, committed 74800K, reserved 1114112K
  class space    used 8837K, capacity 9429K, committed 9520K, reserved 1048576K
}
Event: 2288.572 GC heap before
{Heap before GC invocations=24 (full 3):
 PSYoungGen      total 395264K, used 383336K [0x00000000e0000000, 0x00000000fb580000, 0x0000000100000000)
  eden space 375296K, 99% used [0x00000000e0000000,0x00000000f6da56d8,0x00000000f6e80000)
  from space 19968K, 44% used [0x00000000fa200000,0x00000000faab49d8,0x00000000fb580000)
  to   space 36352K, 0% used [0x00000000f6e80000,0x00000000f6e80000,0x00000000f9200000)
 ParOldGen       total 139776K, used 38350K [0x00000000a0000000, 0x00000000a8880000, 0x00000000e0000000)
  object space 139776K, 27% used [0x00000000a0000000,0x00000000a25739e8,0x00000000a8880000)
 Metaspace       used 71295K, capacity 75336K, committed 75568K, reserved 1116160K
  class space    used 8867K, capacity 9468K, committed 9520K, reserved 1048576K
Event: 2288.584 GC heap after
Heap after GC invocations=24 (full 3):
 PSYoungGen      total 369152K, used 8604K [0x00000000e0000000, 0x00000000fa500000, 0x0000000100000000)
  eden space 360448K, 0% used [0x00000000e0000000,0x00000000e0000000,0x00000000f6000000)
  from space 8704K, 98% used [0x00000000f6e80000,0x00000000f76e7008,0x00000000f7700000)
  to   space 35328K, 0% used [0x00000000f8280000,0x00000000f8280000,0x00000000fa500000)
 ParOldGen       total 139776K, used 38358K [0x00000000a0000000, 0x00000000a8880000, 0x00000000e0000000)
  object space 139776K, 27% used [0x00000000a0000000,0x00000000a25759e8,0x00000000a8880000)
 Metaspace       used 71295K, capacity 75336K, committed 75568K, reserved 1116160K
  class space    used 8867K, capacity 9468K, committed 9520K, reserved 1048576K
}
Event: 2346.964 GC heap before
{Heap before GC invocations=25 (full 3):
 PSYoungGen      total 369152K, used 369052K [0x00000000e0000000, 0x00000000fa500000, 0x0000000100000000)
  eden space 360448K, 100% used [0x00000000e0000000,0x00000000f6000000,0x00000000f6000000)
  from space 8704K, 98% used [0x00000000f6e80000,0x00000000f76e7008,0x00000000f7700000)
  to   space 35328K, 0% used [0x00000000f8280000,0x00000000f8280000,0x00000000fa500000)
 ParOldGen       total 139776K, used 38358K [0x00000000a0000000, 0x00000000a8880000, 0x00000000e0000000)
  object space 139776K, 27% used [0x00000000a0000000,0x00000000a25759e8,0x00000000a8880000)
 Metaspace       used 71467K, capacity 75572K, committed 75824K, reserved 1116160K
  class space    used 8882K, capacity 9490K, committed 9520K, reserved 1048576K
Event: 2346.985 GC heap after
Heap after GC invocations=25 (full 3):
 PSYoungGen      total 364032K, used 11152K [0x00000000e0000000, 0x00000000f9400000, 0x0000000100000000)
  eden space 346112K, 0% used [0x00000000e0000000,0x00000000e0000000,0x00000000f5200000)
  from space 17920K, 62% used [0x00000000f8280000,0x00000000f8d643c8,0x00000000f9400000)
  to   space 33792K, 0% used [0x00000000f5200000,0x00000000f5200000,0x00000000f7300000)
 ParOldGen       total 139776K, used 38358K [0x00000000a0000000, 0x00000000a8880000, 0x00000000e0000000)
  object space 139776K, 27% used [0x00000000a0000000,0x00000000a25759e8,0x00000000a8880000)
 Metaspace       used 71467K, capacity 75572K, committed 75824K, reserved 1116160K
  class space    used 8882K, capacity 9490K, committed 9520K, reserved 1048576K
}

